<?xml version="1.0" encoding="UTF-8"?>
<!-- Generated by org.testng.reporters.JUnitReportReporter -->
<testsuite skipped="0" hostname="asset1860" name="test.runner.RunCukesTest" tests="1" failures="0" timestamp="10 Jan 2018 13:39:06 GMT" time="126.229" errors="0">
  <testcase name="feature" time="126.229" classname="test.runner.RunCukesTest"/>
</testsuite> <!-- test.runner.RunCukesTest -->
