<?xml version="1.0" encoding="UTF-8"?>
<!-- Generated by org.testng.reporters.JUnitReportReporter -->
<testsuite skipped="0" hostname="asset1860" name="test.runner.RunCukesTest" tests="1" failures="0" timestamp="09 Jan 2018 17:58:20 GMT" time="12.983" errors="0">
  <testcase name="feature" time="12.983" classname="test.runner.RunCukesTest"/>
</testsuite> <!-- test.runner.RunCukesTest -->
