<?xml version="1.0" encoding="UTF-8"?>
<!-- Generated by org.testng.reporters.JUnitReportReporter -->
<testsuite skipped="0" hostname="asset1860" name="test.runner.RunCukesTest" tests="1" failures="0" timestamp="08 Jan 2018 20:00:11 GMT" time="13.368" errors="0">
  <testcase name="feature" time="13.368" classname="test.runner.RunCukesTest"/>
</testsuite> <!-- test.runner.RunCukesTest -->
